2014-04-11T12:48:42+02:00 DEBUG (7): Test
2014-04-20T16:40:59+02:00 DEBUG (7): Test
2014-04-20T17:07:19+02:00 DEBUG (7): index-3
2014-04-20T17:10:44+02:00 DEBUG (7): index-31
2014-04-21T14:04:05+02:00 DEBUG (7): ch4
2014-04-21T14:04:05+02:00 DEBUG (7): ch4
2014-04-21T14:04:24+02:00 DEBUG (7): ch4
2014-04-21T14:04:29+02:00 DEBUG (7): ch4
2014-04-21T14:04:29+02:00 DEBUG (7): ch4
2014-04-21T14:04:36+02:00 DEBUG (7): ch4
2014-04-21T14:04:45+02:00 DEBUG (7): ch4
2014-04-21T14:04:46+02:00 DEBUG (7): ch4
2014-04-21T14:07:40+02:00 DEBUG (7): ch4
2014-04-21T14:18:32+02:00 DEBUG (7): ch4-captcha
2014-04-21T14:22:06+02:00 DEBUG (7): ch4-captcha:geas
2014-04-21T14:22:33+02:00 DEBUG (7): ch4-captcha:geas
2014-04-21T14:24:58+02:00 DEBUG (7): ch4-captcha:/xampp/htdocs/duo/data
2014-04-21T14:33:35+02:00 DEBUG (7): ch4-captcha :
2014-04-21T14:39:07+02:00 DEBUG (7): ch4-captcha :
2014-04-21T14:39:44+02:00 DEBUG (7): ch4-captcha :
2014-04-21T14:55:52+02:00 DEBUG (7): Err init CAPTCHA: 
